<Response>
<Play>http://vibconnect.io/vibconnect/intro-vibtree.mp3</Play>
<Dial record="true">917596035315</Dial>
<Dial record="true">919903333376</Dial>
</Response>
